2025-05-19 23:34:10,651 [main.py] => Dataset: inr
2025-05-19 23:34:10,652 [main.py] => Task name: inr_20_20
2025-05-19 23:34:10,653 [main.py] => Random seed: 1993
2025-05-19 23:34:10,857 [incre_dataset.py] => class_order:[168, 136, 51, 9, 183, 101, 171, 99, 42, 159, 191, 70, 16, 188, 27, 10, 175, 26, 68, 187, 98, 6, 85, 35, 112, 43, 100, 0, 103, 181, 88, 59, 4, 2, 116, 174, 94, 80, 106, 1, 147, 17, 141, 131, 72, 23, 173, 54, 197, 118, 87, 32, 79, 104, 91, 19, 135, 107, 178, 36, 11, 199, 142, 8, 122, 3, 28, 57, 153, 172, 190, 56, 49, 44, 97, 62, 151, 169, 194, 55, 192, 12, 189, 78, 66, 180, 15, 137, 109, 134, 92, 119, 126, 52, 170, 40, 148, 65, 144, 64, 138, 45, 77, 89, 154, 90, 71, 193, 74, 30, 113, 143, 96, 84, 67, 50, 186, 156, 69, 21, 18, 111, 108, 58, 125, 157, 150, 110, 182, 129, 166, 83, 81, 60, 13, 165, 14, 176, 63, 117, 5, 22, 145, 121, 38, 41, 82, 127, 114, 20, 31, 53, 37, 163, 196, 130, 152, 162, 86, 76, 24, 34, 184, 149, 33, 128, 198, 155, 146, 167, 139, 120, 140, 102, 47, 25, 158, 123, 46, 164, 61, 7, 115, 75, 133, 160, 105, 132, 179, 124, 48, 73, 93, 39, 95, 195, 29, 177, 185, 161] in inr dataset
2025-05-19 23:34:10,858 [incre_dataset.py] => total_class_num:200 in inr dataset
2025-05-19 23:34:21,165 [_builder.py] => Loading pretrained weights from file (downloaded_ptm/in21k.npz)
2025-05-19 23:34:23,227 [vision_transformer_adapter.py] => model_types:vit_base_patch16_224_in21k
2025-05-19 23:34:23,943 [incre_dataset.py] => class_order:[168, 136, 51, 9, 183, 101, 171, 99, 42, 159, 191, 70, 16, 188, 27, 10, 175, 26, 68, 187, 98, 6, 85, 35, 112, 43, 100, 0, 103, 181, 88, 59, 4, 2, 116, 174, 94, 80, 106, 1, 147, 17, 141, 131, 72, 23, 173, 54, 197, 118, 87, 32, 79, 104, 91, 19, 135, 107, 178, 36, 11, 199, 142, 8, 122, 3, 28, 57, 153, 172, 190, 56, 49, 44, 97, 62, 151, 169, 194, 55, 192, 12, 189, 78, 66, 180, 15, 137, 109, 134, 92, 119, 126, 52, 170, 40, 148, 65, 144, 64, 138, 45, 77, 89, 154, 90, 71, 193, 74, 30, 113, 143, 96, 84, 67, 50, 186, 156, 69, 21, 18, 111, 108, 58, 125, 157, 150, 110, 182, 129, 166, 83, 81, 60, 13, 165, 14, 176, 63, 117, 5, 22, 145, 121, 38, 41, 82, 127, 114, 20, 31, 53, 37, 163, 196, 130, 152, 162, 86, 76, 24, 34, 184, 149, 33, 128, 198, 155, 146, 167, 139, 120, 140, 102, 47, 25, 158, 123, 46, 164, 61, 7, 115, 75, 133, 160, 105, 132, 179, 124, 48, 73, 93, 39, 95, 195, 29, 177, 185, 161] in inr dataset
2025-05-19 23:34:23,943 [incre_dataset.py] => total_class_num:200 in inr dataset
2025-05-19 23:34:24,154 [main.py] => Training on the task 1: 
2025-05-19 23:34:24,158 [DPTA.py] => Learning on 0-20
2025-05-20 00:06:48,960 [DPTA.py] => Task 0, Epoch 20/20 => Loss 0.228, Train_accy 94.65
2025-05-20 00:08:40,816 [main.py] => ACC in all 20 classes after the task 1: 0.9616477489471436
2025-05-20 00:08:40,817 [main.py] => inf time in task 1: 22.610060930252075s
2025-05-20 00:08:40,817 [main.py] => Training on the task 2: 
2025-05-20 00:08:40,821 [DPTA.py] => Learning on 20-40
2025-05-20 00:32:24,712 [DPTA.py] => Task 1, Epoch 20/20 => Loss 0.238, Train_accy 95.12
2025-05-20 00:34:34,249 [main.py] => ACC in all 40 classes after the task 2: 0.9184854626655579
2025-05-20 00:34:34,249 [main.py] => inf time in task 2: 51.46285891532898s
2025-05-20 00:34:34,249 [main.py] => Training on the task 3: 
2025-05-20 00:34:34,254 [DPTA.py] => Learning on 40-60
2025-05-20 00:53:19,412 [DPTA.py] => Task 2, Epoch 20/20 => Loss 0.238, Train_accy 94.88
2025-05-20 00:55:27,915 [main.py] => ACC in all 60 classes after the task 3: 0.8887587785720825
2025-05-20 00:55:27,916 [main.py] => inf time in task 3: 69.0079734325409s
2025-05-20 00:55:27,916 [main.py] => Training on the task 4: 
2025-05-20 00:55:27,922 [DPTA.py] => Learning on 60-80
2025-05-20 01:12:40,183 [DPTA.py] => Task 3, Epoch 20/20 => Loss 0.229, Train_accy 95.16
2025-05-20 01:15:23,977 [main.py] => ACC in all 80 classes after the task 4: 0.8686708807945251
2025-05-20 01:15:23,978 [main.py] => inf time in task 4: 104.27801465988159s
2025-05-20 01:15:23,978 [main.py] => Training on the task 5: 
2025-05-20 01:15:23,984 [DPTA.py] => Learning on 80-100
2025-05-20 01:31:20,998 [DPTA.py] => Task 4, Epoch 20/20 => Loss 0.246, Train_accy 95.31
2025-05-20 01:34:34,746 [main.py] => ACC in all 100 classes after the task 5: 0.8399083018302917
2025-05-20 01:34:34,746 [main.py] => inf time in task 5: 139.0974452495575s
2025-05-20 01:34:34,746 [main.py] => Training on the task 6: 
2025-05-20 01:34:34,751 [DPTA.py] => Learning on 100-120
2025-05-20 01:55:22,763 [DPTA.py] => Task 5, Epoch 20/20 => Loss 0.230, Train_accy 95.05
2025-05-20 01:59:46,964 [main.py] => ACC in all 120 classes after the task 6: 0.821980893611908
2025-05-20 01:59:46,964 [main.py] => inf time in task 6: 188.15931940078735s
2025-05-20 01:59:46,965 [main.py] => Training on the task 7: 
2025-05-20 01:59:46,971 [DPTA.py] => Learning on 120-140
2025-05-20 02:16:43,201 [DPTA.py] => Task 6, Epoch 20/20 => Loss 0.240, Train_accy 95.01
2025-05-20 02:21:46,545 [main.py] => ACC in all 140 classes after the task 7: 0.8119619488716125
2025-05-20 02:21:46,546 [main.py] => inf time in task 7: 245.32640194892883s
2025-05-20 02:21:46,546 [main.py] => Training on the task 8: 
2025-05-20 02:21:46,551 [DPTA.py] => Learning on 140-160
2025-05-20 02:44:00,087 [DPTA.py] => Task 7, Epoch 20/20 => Loss 0.227, Train_accy 94.71
2025-05-20 02:50:33,958 [main.py] => ACC in all 160 classes after the task 8: 0.8050402998924255
2025-05-20 02:50:33,958 [main.py] => inf time in task 8: 317.07578921318054s
2025-05-20 02:50:33,959 [main.py] => Training on the task 9: 
2025-05-20 02:50:33,964 [DPTA.py] => Learning on 160-180
2025-05-20 03:06:49,959 [DPTA.py] => Task 8, Epoch 20/20 => Loss 0.283, Train_accy 94.46
2025-05-20 03:13:28,216 [main.py] => ACC in all 180 classes after the task 9: 0.7921946048736572
2025-05-20 03:13:28,216 [main.py] => inf time in task 9: 344.5843675136566s
2025-05-20 03:13:28,217 [main.py] => Training on the task 10: 
2025-05-20 03:13:28,223 [DPTA.py] => Learning on 180-200
2025-05-20 03:31:31,064 [DPTA.py] => Task 9, Epoch 20/20 => Loss 0.221, Train_accy 95.46
2025-05-20 03:39:44,222 [main.py] => ACC in all 200 classes after the task 10: 0.7820810675621033
2025-05-20 03:39:44,222 [main.py] => inf time in task 10: 431.5395381450653s
2025-05-20 03:39:44,222 [main.py] => Final ACC in all tasks: 0.7820810675621033
2025-05-20 03:39:44,223 [main.py] => Avg ACC in all tasks: 0.8490729987621307
