2025-05-19 23:34:39,511 [main.py] => Dataset: cifar
2025-05-19 23:34:39,511 [main.py] => Task name: cifar_10_10
2025-05-19 23:34:39,511 [main.py] => Random seed: 1993
2025-05-19 23:34:42,179 [incre_dataset.py] => class_order:[68, 56, 78, 8, 23, 84, 90, 65, 74, 76, 40, 89, 3, 92, 55, 9, 26, 80, 43, 38, 58, 70, 77, 1, 85, 19, 17, 50, 28, 53, 13, 81, 45, 82, 6, 59, 83, 16, 15, 44, 91, 41, 72, 60, 79, 52, 20, 10, 31, 54, 37, 95, 14, 71, 96, 98, 97, 2, 64, 66, 42, 22, 35, 86, 24, 34, 87, 21, 99, 0, 88, 27, 18, 94, 11, 12, 47, 25, 30, 46, 62, 69, 36, 61, 7, 63, 75, 5, 32, 4, 51, 48, 73, 93, 39, 67, 29, 49, 57, 33] in cifar dataset
2025-05-19 23:34:42,181 [incre_dataset.py] => total_class_num:100 in cifar dataset
2025-05-19 23:34:55,636 [_builder.py] => Loading pretrained weights from file (downloaded_ptm/in21k.npz)
2025-05-19 23:34:56,943 [vision_transformer_adapter.py] => model_types:vit_base_patch16_224_in21k
2025-05-19 23:34:59,504 [incre_dataset.py] => class_order:[68, 56, 78, 8, 23, 84, 90, 65, 74, 76, 40, 89, 3, 92, 55, 9, 26, 80, 43, 38, 58, 70, 77, 1, 85, 19, 17, 50, 28, 53, 13, 81, 45, 82, 6, 59, 83, 16, 15, 44, 91, 41, 72, 60, 79, 52, 20, 10, 31, 54, 37, 95, 14, 71, 96, 98, 97, 2, 64, 66, 42, 22, 35, 86, 24, 34, 87, 21, 99, 0, 88, 27, 18, 94, 11, 12, 47, 25, 30, 46, 62, 69, 36, 61, 7, 63, 75, 5, 32, 4, 51, 48, 73, 93, 39, 67, 29, 49, 57, 33] in cifar dataset
2025-05-19 23:34:59,505 [incre_dataset.py] => total_class_num:100 in cifar dataset
2025-05-19 23:34:59,764 [main.py] => Training on the task 1: 
2025-05-19 23:34:59,767 [DPTA.py] => Learning on 0-10
2025-05-20 00:04:24,333 [DPTA.py] => Task 0, Epoch 20/20 => Loss 0.212, Train_accy 94.36
2025-05-20 00:05:53,275 [main.py] => ACC in all 10 classes after the task 1: 0.98828125
2025-05-20 00:05:53,276 [main.py] => inf time in task 1: 15.747409343719482s
2025-05-20 00:05:53,276 [main.py] => Training on the task 2: 
2025-05-20 00:05:53,280 [DPTA.py] => Learning on 10-20
2025-05-20 00:32:28,913 [DPTA.py] => Task 1, Epoch 20/20 => Loss 0.246, Train_accy 93.44
2025-05-20 00:34:36,082 [main.py] => ACC in all 20 classes after the task 2: 0.9692460894584656
2025-05-20 00:34:36,083 [main.py] => inf time in task 2: 43.16910529136658s
2025-05-20 00:34:36,083 [main.py] => Training on the task 3: 
2025-05-20 00:34:36,087 [DPTA.py] => Learning on 20-30
2025-05-20 00:56:40,827 [DPTA.py] => Task 2, Epoch 20/20 => Loss 0.186, Train_accy 95.44
2025-05-20 00:58:48,029 [main.py] => ACC in all 30 classes after the task 3: 0.9548979997634888
2025-05-20 00:58:48,029 [main.py] => inf time in task 3: 65.47444915771484s
2025-05-20 00:58:48,029 [main.py] => Training on the task 4: 
2025-05-20 00:58:48,032 [DPTA.py] => Learning on 30-40
2025-05-20 01:19:07,335 [DPTA.py] => Task 3, Epoch 20/20 => Loss 0.231, Train_accy 93.94
2025-05-20 01:21:54,053 [main.py] => ACC in all 40 classes after the task 4: 0.9430000185966492
2025-05-20 01:21:54,053 [main.py] => inf time in task 4: 106.63465166091919s
2025-05-20 01:21:54,053 [main.py] => Training on the task 5: 
2025-05-20 01:21:54,057 [DPTA.py] => Learning on 40-50
2025-05-20 01:42:00,003 [DPTA.py] => Task 4, Epoch 20/20 => Loss 0.173, Train_accy 95.74
2025-05-20 01:45:46,093 [main.py] => ACC in all 50 classes after the task 5: 0.9289410710334778
2025-05-20 01:45:46,093 [main.py] => inf time in task 5: 162.56500792503357s
2025-05-20 01:45:46,094 [main.py] => Training on the task 6: 
2025-05-20 01:45:46,098 [DPTA.py] => Learning on 50-60
2025-05-20 02:08:24,391 [DPTA.py] => Task 5, Epoch 20/20 => Loss 0.225, Train_accy 93.74
2025-05-20 02:13:30,479 [main.py] => ACC in all 60 classes after the task 6: 0.919714093208313
2025-05-20 02:13:30,480 [main.py] => inf time in task 6: 233.07620763778687s
2025-05-20 02:13:30,480 [main.py] => Training on the task 7: 
2025-05-20 02:13:30,483 [DPTA.py] => Learning on 60-70
2025-05-20 02:36:31,040 [DPTA.py] => Task 6, Epoch 20/20 => Loss 0.189, Train_accy 95.42
2025-05-20 02:42:49,508 [main.py] => ACC in all 70 classes after the task 7: 0.9148116111755371
2025-05-20 02:42:49,508 [main.py] => inf time in task 7: 304.5719361305237s
2025-05-20 02:42:49,508 [main.py] => Training on the task 8: 
2025-05-20 02:42:49,513 [DPTA.py] => Learning on 70-80
2025-05-20 03:05:44,323 [DPTA.py] => Task 7, Epoch 20/20 => Loss 0.226, Train_accy 94.16
2025-05-20 03:13:09,518 [main.py] => ACC in all 80 classes after the task 8: 0.8960000276565552
2025-05-20 03:13:09,518 [main.py] => inf time in task 8: 373.5014135837555s
2025-05-20 03:13:09,519 [main.py] => Training on the task 9: 
2025-05-20 03:13:09,523 [DPTA.py] => Learning on 80-90
2025-05-20 03:36:39,454 [DPTA.py] => Task 8, Epoch 20/20 => Loss 0.206, Train_accy 94.70
2025-05-20 03:44:58,444 [main.py] => ACC in all 90 classes after the task 9: 0.8891843557357788
2025-05-20 03:44:58,445 [main.py] => inf time in task 9: 436.98520731925964s
2025-05-20 03:44:58,445 [main.py] => Training on the task 10: 
2025-05-20 03:44:58,448 [DPTA.py] => Learning on 90-100
2025-05-20 04:02:50,357 [DPTA.py] => Task 9, Epoch 20/20 => Loss 0.238, Train_accy 93.62
2025-05-20 04:12:23,518 [main.py] => ACC in all 100 classes after the task 10: 0.8860822319984436
2025-05-20 04:12:23,519 [main.py] => inf time in task 10: 519.2505497932434s
2025-05-20 04:12:23,519 [main.py] => Final ACC in all tasks: 0.8860822319984436
2025-05-20 04:12:23,519 [main.py] => Avg ACC in all tasks: 0.9290158748626709
