2025-05-19 23:26:02,343 [main.py] => Dataset: ina
2025-05-19 23:26:02,344 [main.py] => Task name: ina_20_20
2025-05-19 23:26:02,344 [main.py] => Random seed: 1993
2025-05-19 23:26:02,383 [incre_dataset.py] => class_order:[168, 136, 51, 9, 183, 101, 171, 99, 42, 159, 191, 70, 16, 188, 27, 10, 175, 26, 68, 187, 98, 6, 85, 35, 112, 43, 100, 0, 103, 181, 88, 59, 4, 2, 116, 174, 94, 80, 106, 1, 147, 17, 141, 131, 72, 23, 173, 54, 197, 118, 87, 32, 79, 104, 91, 19, 135, 107, 178, 36, 11, 199, 142, 8, 122, 3, 28, 57, 153, 172, 190, 56, 49, 44, 97, 62, 151, 169, 194, 55, 192, 12, 189, 78, 66, 180, 15, 137, 109, 134, 92, 119, 126, 52, 170, 40, 148, 65, 144, 64, 138, 45, 77, 89, 154, 90, 71, 193, 74, 30, 113, 143, 96, 84, 67, 50, 186, 156, 69, 21, 18, 111, 108, 58, 125, 157, 150, 110, 182, 129, 166, 83, 81, 60, 13, 165, 14, 176, 63, 117, 5, 22, 145, 121, 38, 41, 82, 127, 114, 20, 31, 53, 37, 163, 196, 130, 152, 162, 86, 76, 24, 34, 184, 149, 33, 128, 198, 155, 146, 167, 139, 120, 140, 102, 47, 25, 158, 123, 46, 164, 61, 7, 115, 75, 133, 160, 105, 132, 179, 124, 48, 73, 93, 39, 95, 195, 29, 177, 185, 161] in ina dataset
2025-05-19 23:26:02,383 [incre_dataset.py] => total_class_num:200 in ina dataset
2025-05-19 23:28:57,859 [main.py] => Dataset: ina
2025-05-19 23:28:57,859 [main.py] => Task name: ina_20_20
2025-05-19 23:28:57,860 [main.py] => Random seed: 1993
2025-05-19 23:28:57,900 [incre_dataset.py] => class_order:[168, 136, 51, 9, 183, 101, 171, 99, 42, 159, 191, 70, 16, 188, 27, 10, 175, 26, 68, 187, 98, 6, 85, 35, 112, 43, 100, 0, 103, 181, 88, 59, 4, 2, 116, 174, 94, 80, 106, 1, 147, 17, 141, 131, 72, 23, 173, 54, 197, 118, 87, 32, 79, 104, 91, 19, 135, 107, 178, 36, 11, 199, 142, 8, 122, 3, 28, 57, 153, 172, 190, 56, 49, 44, 97, 62, 151, 169, 194, 55, 192, 12, 189, 78, 66, 180, 15, 137, 109, 134, 92, 119, 126, 52, 170, 40, 148, 65, 144, 64, 138, 45, 77, 89, 154, 90, 71, 193, 74, 30, 113, 143, 96, 84, 67, 50, 186, 156, 69, 21, 18, 111, 108, 58, 125, 157, 150, 110, 182, 129, 166, 83, 81, 60, 13, 165, 14, 176, 63, 117, 5, 22, 145, 121, 38, 41, 82, 127, 114, 20, 31, 53, 37, 163, 196, 130, 152, 162, 86, 76, 24, 34, 184, 149, 33, 128, 198, 155, 146, 167, 139, 120, 140, 102, 47, 25, 158, 123, 46, 164, 61, 7, 115, 75, 133, 160, 105, 132, 179, 124, 48, 73, 93, 39, 95, 195, 29, 177, 185, 161] in ina dataset
2025-05-19 23:28:57,901 [incre_dataset.py] => total_class_num:200 in ina dataset
2025-05-19 23:29:04,383 [_builder.py] => Loading pretrained weights from file (downloaded_ptm/in21k.npz)
2025-05-19 23:29:05,395 [vision_transformer_adapter.py] => model_types:vit_base_patch16_224_in21k
2025-05-19 23:29:05,684 [incre_dataset.py] => class_order:[168, 136, 51, 9, 183, 101, 171, 99, 42, 159, 191, 70, 16, 188, 27, 10, 175, 26, 68, 187, 98, 6, 85, 35, 112, 43, 100, 0, 103, 181, 88, 59, 4, 2, 116, 174, 94, 80, 106, 1, 147, 17, 141, 131, 72, 23, 173, 54, 197, 118, 87, 32, 79, 104, 91, 19, 135, 107, 178, 36, 11, 199, 142, 8, 122, 3, 28, 57, 153, 172, 190, 56, 49, 44, 97, 62, 151, 169, 194, 55, 192, 12, 189, 78, 66, 180, 15, 137, 109, 134, 92, 119, 126, 52, 170, 40, 148, 65, 144, 64, 138, 45, 77, 89, 154, 90, 71, 193, 74, 30, 113, 143, 96, 84, 67, 50, 186, 156, 69, 21, 18, 111, 108, 58, 125, 157, 150, 110, 182, 129, 166, 83, 81, 60, 13, 165, 14, 176, 63, 117, 5, 22, 145, 121, 38, 41, 82, 127, 114, 20, 31, 53, 37, 163, 196, 130, 152, 162, 86, 76, 24, 34, 184, 149, 33, 128, 198, 155, 146, 167, 139, 120, 140, 102, 47, 25, 158, 123, 46, 164, 61, 7, 115, 75, 133, 160, 105, 132, 179, 124, 48, 73, 93, 39, 95, 195, 29, 177, 185, 161] in ina dataset
2025-05-19 23:29:05,685 [incre_dataset.py] => total_class_num:200 in ina dataset
2025-05-19 23:29:05,743 [main.py] => Training on the task 1: 
2025-05-19 23:29:05,746 [DPTA.py] => Learning on 0-20
2025-05-19 23:31:46,752 [main.py] => Dataset: ina
2025-05-19 23:31:46,752 [main.py] => Task name: ina_20_20
2025-05-19 23:31:46,753 [main.py] => Random seed: 1993
2025-05-19 23:31:46,821 [incre_dataset.py] => class_order:[168, 136, 51, 9, 183, 101, 171, 99, 42, 159, 191, 70, 16, 188, 27, 10, 175, 26, 68, 187, 98, 6, 85, 35, 112, 43, 100, 0, 103, 181, 88, 59, 4, 2, 116, 174, 94, 80, 106, 1, 147, 17, 141, 131, 72, 23, 173, 54, 197, 118, 87, 32, 79, 104, 91, 19, 135, 107, 178, 36, 11, 199, 142, 8, 122, 3, 28, 57, 153, 172, 190, 56, 49, 44, 97, 62, 151, 169, 194, 55, 192, 12, 189, 78, 66, 180, 15, 137, 109, 134, 92, 119, 126, 52, 170, 40, 148, 65, 144, 64, 138, 45, 77, 89, 154, 90, 71, 193, 74, 30, 113, 143, 96, 84, 67, 50, 186, 156, 69, 21, 18, 111, 108, 58, 125, 157, 150, 110, 182, 129, 166, 83, 81, 60, 13, 165, 14, 176, 63, 117, 5, 22, 145, 121, 38, 41, 82, 127, 114, 20, 31, 53, 37, 163, 196, 130, 152, 162, 86, 76, 24, 34, 184, 149, 33, 128, 198, 155, 146, 167, 139, 120, 140, 102, 47, 25, 158, 123, 46, 164, 61, 7, 115, 75, 133, 160, 105, 132, 179, 124, 48, 73, 93, 39, 95, 195, 29, 177, 185, 161] in ina dataset
2025-05-19 23:31:46,821 [incre_dataset.py] => total_class_num:200 in ina dataset
2025-05-19 23:31:53,443 [_builder.py] => Loading pretrained weights from file (downloaded_ptm/in21k.npz)
2025-05-19 23:31:54,554 [vision_transformer_adapter.py] => model_types:vit_base_patch16_224_in21k
2025-05-19 23:31:54,946 [incre_dataset.py] => class_order:[168, 136, 51, 9, 183, 101, 171, 99, 42, 159, 191, 70, 16, 188, 27, 10, 175, 26, 68, 187, 98, 6, 85, 35, 112, 43, 100, 0, 103, 181, 88, 59, 4, 2, 116, 174, 94, 80, 106, 1, 147, 17, 141, 131, 72, 23, 173, 54, 197, 118, 87, 32, 79, 104, 91, 19, 135, 107, 178, 36, 11, 199, 142, 8, 122, 3, 28, 57, 153, 172, 190, 56, 49, 44, 97, 62, 151, 169, 194, 55, 192, 12, 189, 78, 66, 180, 15, 137, 109, 134, 92, 119, 126, 52, 170, 40, 148, 65, 144, 64, 138, 45, 77, 89, 154, 90, 71, 193, 74, 30, 113, 143, 96, 84, 67, 50, 186, 156, 69, 21, 18, 111, 108, 58, 125, 157, 150, 110, 182, 129, 166, 83, 81, 60, 13, 165, 14, 176, 63, 117, 5, 22, 145, 121, 38, 41, 82, 127, 114, 20, 31, 53, 37, 163, 196, 130, 152, 162, 86, 76, 24, 34, 184, 149, 33, 128, 198, 155, 146, 167, 139, 120, 140, 102, 47, 25, 158, 123, 46, 164, 61, 7, 115, 75, 133, 160, 105, 132, 179, 124, 48, 73, 93, 39, 95, 195, 29, 177, 185, 161] in ina dataset
2025-05-19 23:31:54,947 [incre_dataset.py] => total_class_num:200 in ina dataset
2025-05-19 23:31:55,007 [main.py] => Training on the task 1: 
2025-05-19 23:31:55,011 [DPTA.py] => Learning on 0-20
2025-05-19 23:39:06,544 [DPTA.py] => Task 0, Epoch 20/20 => Loss 0.334, Train_accy 95.32
2025-05-19 23:39:41,869 [main.py] => ACC in all 20 classes after the task 1: 0.8527778387069702
2025-05-19 23:39:41,870 [main.py] => inf time in task 1: 7.215111255645752s
2025-05-19 23:39:41,870 [main.py] => Training on the task 2: 
2025-05-19 23:39:41,874 [DPTA.py] => Learning on 20-40
2025-05-19 23:49:06,149 [DPTA.py] => Task 1, Epoch 20/20 => Loss 0.326, Train_accy 95.30
2025-05-19 23:49:51,396 [main.py] => ACC in all 40 classes after the task 2: 0.8098958730697632
2025-05-19 23:49:51,396 [main.py] => inf time in task 2: 15.149099826812744s
2025-05-19 23:49:51,396 [main.py] => Training on the task 3: 
2025-05-19 23:49:51,401 [DPTA.py] => Learning on 40-60
2025-05-19 23:55:29,684 [DPTA.py] => Task 2, Epoch 20/20 => Loss 0.346, Train_accy 95.30
2025-05-19 23:56:06,235 [main.py] => ACC in all 60 classes after the task 3: 0.7627976536750793
2025-05-19 23:56:06,236 [main.py] => inf time in task 3: 20.508251905441284s
2025-05-19 23:56:06,236 [main.py] => Training on the task 4: 
2025-05-19 23:56:06,239 [DPTA.py] => Learning on 60-80
2025-05-20 00:03:49,762 [DPTA.py] => Task 3, Epoch 20/20 => Loss 0.327, Train_accy 95.15
2025-05-20 00:04:50,521 [main.py] => ACC in all 80 classes after the task 4: 0.7348120808601379
2025-05-20 00:04:50,521 [main.py] => inf time in task 4: 37.760586977005005s
2025-05-20 00:04:50,521 [main.py] => Training on the task 5: 
2025-05-20 00:04:50,525 [DPTA.py] => Learning on 80-100
2025-05-20 00:09:45,629 [DPTA.py] => Task 4, Epoch 20/20 => Loss 0.350, Train_accy 95.99
2025-05-20 00:10:47,084 [main.py] => ACC in all 100 classes after the task 5: 0.6891718506813049
2025-05-20 00:10:47,084 [main.py] => inf time in task 5: 45.50449180603027s
2025-05-20 00:10:47,084 [main.py] => Training on the task 6: 
2025-05-20 00:10:47,090 [DPTA.py] => Learning on 100-120
2025-05-20 00:15:30,608 [DPTA.py] => Task 5, Epoch 20/20 => Loss 0.326, Train_accy 96.56
2025-05-20 00:16:50,217 [main.py] => ACC in all 120 classes after the task 6: 0.6705645322799683
2025-05-20 00:16:50,218 [main.py] => inf time in task 6: 62.18684649467468s
2025-05-20 00:16:50,218 [main.py] => Training on the task 7: 
2025-05-20 00:16:50,225 [DPTA.py] => Learning on 120-140
2025-05-20 00:21:46,010 [DPTA.py] => Task 6, Epoch 20/20 => Loss 0.350, Train_accy 96.47
2025-05-20 00:23:15,692 [main.py] => ACC in all 140 classes after the task 7: 0.6258680820465088
2025-05-20 00:23:15,693 [main.py] => inf time in task 7: 73.83224058151245s
2025-05-20 00:23:15,693 [main.py] => Training on the task 8: 
2025-05-20 00:23:15,698 [DPTA.py] => Learning on 140-160
2025-05-20 00:28:10,833 [DPTA.py] => Task 7, Epoch 20/20 => Loss 0.351, Train_accy 97.36
2025-05-20 00:29:52,376 [main.py] => ACC in all 160 classes after the task 8: 0.6241987347602844
2025-05-20 00:29:52,377 [main.py] => inf time in task 8: 83.80129647254944s
2025-05-20 00:29:52,377 [main.py] => Training on the task 9: 
2025-05-20 00:29:52,385 [DPTA.py] => Learning on 160-180
2025-05-20 00:35:06,141 [DPTA.py] => Task 8, Epoch 20/20 => Loss 0.361, Train_accy 96.15
2025-05-20 00:37:06,295 [main.py] => ACC in all 180 classes after the task 9: 0.6000672578811646
2025-05-20 00:37:06,295 [main.py] => inf time in task 9: 104.53289818763733s
2025-05-20 00:37:06,295 [main.py] => Training on the task 10: 
2025-05-20 00:37:06,304 [DPTA.py] => Learning on 180-200
2025-05-20 00:41:51,520 [DPTA.py] => Task 9, Epoch 20/20 => Loss 0.328, Train_accy 96.02
2025-05-20 00:44:12,152 [main.py] => ACC in all 200 classes after the task 10: 0.5867187976837158
2025-05-20 00:44:12,153 [main.py] => inf time in task 10: 123.68064951896667s
2025-05-20 00:44:12,153 [main.py] => Final ACC in all tasks: 0.5867187976837158
2025-05-20 00:44:12,153 [main.py] => Avg ACC in all tasks: 0.6956872701644897
